The system is: Windows - 10.0.19041 - AMD64
Compiling the C compiler identification source file "CMakeCCompilerId.c" succeeded.
Compiler: C:/Program Files (x86)/Microsoft Visual Studio/2019/Community/VC/Tools/MSVC/14.27.29110/bin/Hostx64/x64/cl.exe 
Build flags: 
Id flags:  

The output was:
0
<<<<<<< Updated upstream
Compilador de optimización de C/C++ de Microsoft (R) versión 19.27.29112 para x64
(C) Microsoft Corporation. Todos los derechos reservados.
=======
Microsoft (R) C/C++ Optimizing Compiler Version 19.27.29112 for x64
Copyright (C) Microsoft Corporation.  All rights reserved.
>>>>>>> Stashed changes

CMakeCCompilerId.c
Microsoft (R) Incremental Linker Version 14.27.29112.0
Copyright (C) Microsoft Corporation.  All rights reserved.

/out:CMakeCCompilerId.exe 
CMakeCCompilerId.obj 


Compilation of the C compiler identification source "CMakeCCompilerId.c" produced "CMakeCCompilerId.exe"

Compilation of the C compiler identification source "CMakeCCompilerId.c" produced "CMakeCCompilerId.obj"

<<<<<<< Updated upstream
The C compiler identification is MSVC, found in "D:/Usuario/Ivan/Escritorio/uni/vj/Kojiman/libs/glm/out/build/x64-Debug/CMakeFiles/3.17.20032601-MSVC_2/CompilerIdC/CMakeCCompilerId.exe"
=======
The C compiler identification is MSVC, found in "C:/Users/Arnau GEsa/Desktop/Uni/4t Grau/1r Quatri/TheVideoGame/Kojiman/libs/glm/out/build/x64-Debug/CMakeFiles/3.17.20032601-MSVC_2/CompilerIdC/CMakeCCompilerId.exe"
>>>>>>> Stashed changes

Compiling the CXX compiler identification source file "CMakeCXXCompilerId.cpp" succeeded.
Compiler: C:/Program Files (x86)/Microsoft Visual Studio/2019/Community/VC/Tools/MSVC/14.27.29110/bin/Hostx64/x64/cl.exe 
Build flags: 
Id flags:  

The output was:
0
<<<<<<< Updated upstream
Compilador de optimización de C/C++ de Microsoft (R) versión 19.27.29112 para x64
(C) Microsoft Corporation. Todos los derechos reservados.
=======
Microsoft (R) C/C++ Optimizing Compiler Version 19.27.29112 for x64
Copyright (C) Microsoft Corporation.  All rights reserved.
>>>>>>> Stashed changes

CMakeCXXCompilerId.cpp
Microsoft (R) Incremental Linker Version 14.27.29112.0
Copyright (C) Microsoft Corporation.  All rights reserved.

/out:CMakeCXXCompilerId.exe 
CMakeCXXCompilerId.obj 


Compilation of the CXX compiler identification source "CMakeCXXCompilerId.cpp" produced "CMakeCXXCompilerId.exe"

Compilation of the CXX compiler identification source "CMakeCXXCompilerId.cpp" produced "CMakeCXXCompilerId.obj"

<<<<<<< Updated upstream
The CXX compiler identification is MSVC, found in "D:/Usuario/Ivan/Escritorio/uni/vj/Kojiman/libs/glm/out/build/x64-Debug/CMakeFiles/3.17.20032601-MSVC_2/CompilerIdCXX/CMakeCXXCompilerId.exe"

Determining if the C compiler works passed with the following output:
Change Dir: D:/Usuario/Ivan/Escritorio/uni/vj/Kojiman/libs/glm/out/build/x64-Debug/CMakeFiles/CMakeTmp

Run Build Command(s):C:/Program Files (x86)/Microsoft Visual Studio/2019/Community/Common7/IDE/CommonExtensions/Microsoft/CMake/Ninja/ninja.exe cmTC_14b27 && [1/2] Building C object CMakeFiles\cmTC_14b27.dir\testCCompiler.c.obj
[2/2] Linking C executable cmTC_14b27.exe
=======
The CXX compiler identification is MSVC, found in "C:/Users/Arnau GEsa/Desktop/Uni/4t Grau/1r Quatri/TheVideoGame/Kojiman/libs/glm/out/build/x64-Debug/CMakeFiles/3.17.20032601-MSVC_2/CompilerIdCXX/CMakeCXXCompilerId.exe"

Determining if the C compiler works passed with the following output:
Change Dir: C:/Users/Arnau GEsa/Desktop/Uni/4t Grau/1r Quatri/TheVideoGame/Kojiman/libs/glm/out/build/x64-Debug/CMakeFiles/CMakeTmp

Run Build Command(s):C:/Program Files (x86)/Microsoft Visual Studio/2019/Community/Common7/IDE/CommonExtensions/Microsoft/CMake/Ninja/ninja.exe cmTC_fe29c && [1/2] Building C object CMakeFiles\cmTC_fe29c.dir\testCCompiler.c.obj
[2/2] Linking C executable cmTC_fe29c.exe
>>>>>>> Stashed changes



Detecting C compiler ABI info compiled with the following output:
<<<<<<< Updated upstream
Change Dir: D:/Usuario/Ivan/Escritorio/uni/vj/Kojiman/libs/glm/out/build/x64-Debug/CMakeFiles/CMakeTmp

Run Build Command(s):C:/Program Files (x86)/Microsoft Visual Studio/2019/Community/Common7/IDE/CommonExtensions/Microsoft/CMake/Ninja/ninja.exe cmTC_3ae6a && [1/2] Building C object CMakeFiles\cmTC_3ae6a.dir\CMakeCCompilerABI.c.obj
Nota: inclusión del archivo: C:\Program Files (x86)\Microsoft Visual Studio\2019\Community\Common7\IDE\CommonExtensions\Microsoft\CMake\CMake\share\cmake-3.17\Modules\CMakeCompilerABI.h
[2/2] Linking C executable cmTC_3ae6a.exe
=======
Change Dir: C:/Users/Arnau GEsa/Desktop/Uni/4t Grau/1r Quatri/TheVideoGame/Kojiman/libs/glm/out/build/x64-Debug/CMakeFiles/CMakeTmp

Run Build Command(s):C:/Program Files (x86)/Microsoft Visual Studio/2019/Community/Common7/IDE/CommonExtensions/Microsoft/CMake/Ninja/ninja.exe cmTC_8493f && [1/2] Building C object CMakeFiles\cmTC_8493f.dir\CMakeCCompilerABI.c.obj
[2/2] Linking C executable cmTC_8493f.exe
>>>>>>> Stashed changes



Determining if the CXX compiler works passed with the following output:
<<<<<<< Updated upstream
Change Dir: D:/Usuario/Ivan/Escritorio/uni/vj/Kojiman/libs/glm/out/build/x64-Debug/CMakeFiles/CMakeTmp

Run Build Command(s):C:/Program Files (x86)/Microsoft Visual Studio/2019/Community/Common7/IDE/CommonExtensions/Microsoft/CMake/Ninja/ninja.exe cmTC_5c238 && [1/2] Building CXX object CMakeFiles\cmTC_5c238.dir\testCXXCompiler.cxx.obj
[2/2] Linking CXX executable cmTC_5c238.exe
=======
Change Dir: C:/Users/Arnau GEsa/Desktop/Uni/4t Grau/1r Quatri/TheVideoGame/Kojiman/libs/glm/out/build/x64-Debug/CMakeFiles/CMakeTmp

Run Build Command(s):C:/Program Files (x86)/Microsoft Visual Studio/2019/Community/Common7/IDE/CommonExtensions/Microsoft/CMake/Ninja/ninja.exe cmTC_d3fab && [1/2] Building CXX object CMakeFiles\cmTC_d3fab.dir\testCXXCompiler.cxx.obj
[2/2] Linking CXX executable cmTC_d3fab.exe
>>>>>>> Stashed changes



Detecting CXX compiler ABI info compiled with the following output:
<<<<<<< Updated upstream
Change Dir: D:/Usuario/Ivan/Escritorio/uni/vj/Kojiman/libs/glm/out/build/x64-Debug/CMakeFiles/CMakeTmp

Run Build Command(s):C:/Program Files (x86)/Microsoft Visual Studio/2019/Community/Common7/IDE/CommonExtensions/Microsoft/CMake/Ninja/ninja.exe cmTC_f03dd && [1/2] Building CXX object CMakeFiles\cmTC_f03dd.dir\CMakeCXXCompilerABI.cpp.obj
Nota: inclusión del archivo: C:\Program Files (x86)\Microsoft Visual Studio\2019\Community\Common7\IDE\CommonExtensions\Microsoft\CMake\CMake\share\cmake-3.17\Modules\CMakeCompilerABI.h
[2/2] Linking CXX executable cmTC_f03dd.exe
=======
Change Dir: C:/Users/Arnau GEsa/Desktop/Uni/4t Grau/1r Quatri/TheVideoGame/Kojiman/libs/glm/out/build/x64-Debug/CMakeFiles/CMakeTmp

Run Build Command(s):C:/Program Files (x86)/Microsoft Visual Studio/2019/Community/Common7/IDE/CommonExtensions/Microsoft/CMake/Ninja/ninja.exe cmTC_eb73b && [1/2] Building CXX object CMakeFiles\cmTC_eb73b.dir\CMakeCXXCompilerABI.cpp.obj
[2/2] Linking CXX executable cmTC_eb73b.exe
>>>>>>> Stashed changes



